<?xml version="1.0" encoding="UTF-8"?>
<!-- Generated by org.testng.reporters.JUnitReportReporter -->
<testsuite hostname="Bharani" failures="0" tests="4" name="eComm.Runners.TestRunner" time="61.887" errors="0" timestamp="04 Sept 2025 12:03:15 GMT" skipped="0">
  <testcase classname="eComm.Runners.TestRunner" name="runScenario" time="12.336"/>
  <testcase classname="eComm.Runners.TestRunner" name="runScenario" time="16.927"/>
  <testcase classname="eComm.Runners.TestRunner" name="runScenario" time="13.085"/>
  <testcase classname="eComm.Runners.TestRunner" name="runScenario" time="19.539"/>
</testsuite> <!-- eComm.Runners.TestRunner -->
