<?xml version="1.0" encoding="UTF-8"?>
<!-- Generated by org.testng.reporters.JUnitReportReporter -->
<testsuite hostname="Bharani" failures="0" tests="1" name="eComm.Runners.TestRunner" time="61.618" errors="0" timestamp="07 Sept 2025 10:49:31 GMT" skipped="0">
  <testcase classname="eComm.Runners.TestRunner" name="runScenario" time="61.618"/>
</testsuite> <!-- eComm.Runners.TestRunner -->
